<?xml version="1.0" encoding="UTF-8"?>
<!-- Generated by org.testng.reporters.JUnitXMLReporter -->
<testsuite ignored="0" hostname="DESKTOP-KTHSCGN" failures="0" tests="4" name="Report" time="0.039" errors="0" timestamp="2024-03-09T07:43:32 CET">
  <testcase classname="com.selenium.seleniumTestNG.advanced.TestReportGeneration" name="reporterTest1" time="0.005"/>
  <testcase classname="com.selenium.seleniumTestNG.advanced.TestReportGeneration" name="reporterTest2" time="0.0"/>
  <testcase classname="com.selenium.seleniumTestNG.advanced.TestReportGeneration" name="reporterTest3" time="0.0"/>
  <testcase classname="com.selenium.seleniumTestNG.advanced.TestReportGeneration" name="reporterTest4" time="0.0"/>
</testsuite> <!-- Report -->
